<?xml version="1.0" encoding="UTF-8"?>
<!-- Generated by org.testng.reporters.JUnitReportReporter -->
<testsuite hostname="LAPTOP-9V597CQM" failures="0" tests="1" name="ApplyQA" time="28.138" errors="0" timestamp="2023-07-17T12:36:07 IST" skipped="0">
  <testcase classname="ApplyQA" name="TestApply" time="28.138"/>
  <system-out/>
</testsuite> <!-- ApplyQA -->
